0 info it worked if it ends with ok
1 verbose cli [ '/usr/local/bin/node',
1 verbose cli   '/Users/olivierkamanda/.npm-packages/bin/npm',
1 verbose cli   'run',
1 verbose cli   'federalist-deploy:dev' ]
2 info using npm@3.8.5
3 info using node@v6.8.1
4 verbose run-script [ 'prefederalist-deploy:dev',
4 verbose run-script   'federalist-deploy:dev',
4 verbose run-script   'postfederalist-deploy:dev' ]
5 info lifecycle code-gov-web@1.0.2~prefederalist-deploy:dev: code-gov-web@1.0.2
6 silly lifecycle code-gov-web@1.0.2~prefederalist-deploy:dev: no script for prefederalist-deploy:dev, continuing
7 info lifecycle code-gov-web@1.0.2~federalist-deploy:dev: code-gov-web@1.0.2
8 verbose lifecycle code-gov-web@1.0.2~federalist-deploy:dev: unsafe-perm in lifecycle true
9 verbose lifecycle code-gov-web@1.0.2~federalist-deploy:dev: PATH: /Users/olivierkamanda/.npm-packages/lib/node_modules/npm/bin/node-gyp-bin:/Users/olivierkamanda/code/code-gov-web/node_modules/.bin:/usr/local/bin:/Users/olivierkamanda/code/elasticsearch-2.4.1/bin:/Library/Java/JavaVirtualMachines/jdk1.8.0_111.jdk/Contents/Home/bin:/opt/local/bin:/opt/local/sbin:/Users/olivierkamanda/.npm-packages/bin:/usr/local/bin:/usr/bin:/bin:/usr/sbin:/sbin
10 verbose lifecycle code-gov-web@1.0.2~federalist-deploy:dev: CWD: /Users/olivierkamanda/code/code-gov-web
11 silly lifecycle code-gov-web@1.0.2~federalist-deploy:dev: Args: [ '-c',
11 silly lifecycle   'webpack --config config/webpack.federalist-deploy.js --progress --profile --env.federalist-dev' ]
12 silly lifecycle code-gov-web@1.0.2~federalist-deploy:dev: Returned: code: 2  signal: null
13 info lifecycle code-gov-web@1.0.2~federalist-deploy:dev: Failed to exec federalist-deploy:dev script
14 verbose stack Error: code-gov-web@1.0.2 federalist-deploy:dev: `webpack --config config/webpack.federalist-deploy.js --progress --profile --env.federalist-dev`
14 verbose stack Exit status 2
14 verbose stack     at EventEmitter.<anonymous> (/Users/olivierkamanda/.npm-packages/lib/node_modules/npm/lib/utils/lifecycle.js:239:16)
14 verbose stack     at emitTwo (events.js:106:13)
14 verbose stack     at EventEmitter.emit (events.js:191:7)
14 verbose stack     at ChildProcess.<anonymous> (/Users/olivierkamanda/.npm-packages/lib/node_modules/npm/lib/utils/spawn.js:24:14)
14 verbose stack     at emitTwo (events.js:106:13)
14 verbose stack     at ChildProcess.emit (events.js:191:7)
14 verbose stack     at maybeClose (internal/child_process.js:877:16)
14 verbose stack     at Process.ChildProcess._handle.onexit (internal/child_process.js:226:5)
15 verbose pkgid code-gov-web@1.0.2
16 verbose cwd /Users/olivierkamanda/code/code-gov-web
17 error Darwin 15.6.0
18 error argv "/usr/local/bin/node" "/Users/olivierkamanda/.npm-packages/bin/npm" "run" "federalist-deploy:dev"
19 error node v6.8.1
20 error npm  v3.8.5
21 error code ELIFECYCLE
22 error code-gov-web@1.0.2 federalist-deploy:dev: `webpack --config config/webpack.federalist-deploy.js --progress --profile --env.federalist-dev`
22 error Exit status 2
23 error Failed at the code-gov-web@1.0.2 federalist-deploy:dev script 'webpack --config config/webpack.federalist-deploy.js --progress --profile --env.federalist-dev'.
23 error Make sure you have the latest version of node.js and npm installed.
23 error If you do, this is most likely a problem with the code-gov-web package,
23 error not with npm itself.
23 error Tell the author that this fails on your system:
23 error     webpack --config config/webpack.federalist-deploy.js --progress --profile --env.federalist-dev
23 error You can get information on how to open an issue for this project with:
23 error     npm bugs code-gov-web
23 error Or if that isn't available, you can get their info via:
23 error     npm owner ls code-gov-web
23 error There is likely additional logging output above.
24 verbose exit [ 1, true ]
